cl : 명령줄  warning D9035: 'Gm' 옵션은 더 이상 사용되지 않으므로 이후 릴리스에서 제거될 예정입니다.
  virtualLego.cpp
\\Mac\Home\Documents\Projects\oop_arkanoid\oop16_proj3\virtualLego.cpp(1,1): warning C4819: 현재 코드 페이지(949)에서 표시할 수 없는 문자가 파일에 들어 있습니다. 데이터가 손실되지 않게 하려면 해당 파일을 유니코드 형식으로 저장하십시오.
\\Mac\Home\Documents\Projects\oop_arkanoid\oop16_proj3\d3dUtility.h(31,1): warning C4005: 'INFINITY': 매크로 재정의
C:\Program Files (x86)\Windows Kits\10\Include\10.0.22621.0\ucrt\corecrt_math.h(88,1): message : 'INFINITY'의 이전 정의를 참조하십시오.
\\Mac\Home\Documents\Projects\oop_arkanoid\oop16_proj3\virtualLego.cpp(189,34): warning C4305: '초기화 중': 'double'에서 'float'(으)로 잘립니다.
\\Mac\Home\Documents\Projects\oop_arkanoid\oop16_proj3\virtualLego.cpp(225,30): warning C4244: '=': 'double'에서 'float'(으)로 변환하면서 데이터가 손실될 수 있습니다.
\\Mac\Home\Documents\Projects\oop_arkanoid\oop16_proj3\virtualLego.cpp(226,30): warning C4244: '=': 'double'에서 'float'(으)로 변환하면서 데이터가 손실될 수 있습니다.
\\Mac\Home\Documents\Projects\oop_arkanoid\oop16_proj3\virtualLego.cpp(330,34): warning C4305: '초기화 중': 'double'에서 'float'(으)로 잘립니다.
\\Mac\Home\Documents\Projects\oop_arkanoid\oop16_proj3\virtualLego.cpp(331,167): warning C4244: '인수': 'double'에서 'float'(으)로 변환하면서 데이터가 손실될 수 있습니다.
\\Mac\Home\Documents\Projects\oop_arkanoid\oop16_proj3\virtualLego.cpp(331,67): warning C4244: '인수': 'double'에서 'float'(으)로 변환하면서 데이터가 손실될 수 있습니다.
\\Mac\Home\Documents\Projects\oop_arkanoid\oop16_proj3\virtualLego.cpp(343,24): warning C4244: '초기화 중': 'double'에서 'float'(으)로 변환하면서 데이터가 손실될 수 있습니다.
\\Mac\Home\Documents\Projects\oop_arkanoid\oop16_proj3\virtualLego.cpp(352,24): warning C4244: '초기화 중': 'double'에서 'float'(으)로 변환하면서 데이터가 손실될 수 있습니다.
\\Mac\Home\Documents\Projects\oop_arkanoid\oop16_proj3\virtualLego.cpp(369,41): warning C4305: '초기화 중': 'double'에서 'float'(으)로 잘립니다.
\\Mac\Home\Documents\Projects\oop_arkanoid\oop16_proj3\virtualLego.cpp(376,72): warning C4244: '인수': 'double'에서 'FLOAT'(으)로 변환하면서 데이터가 손실될 수 있습니다.
\\Mac\Home\Documents\Projects\oop_arkanoid\oop16_proj3\virtualLego.cpp(376,46): warning C4244: '인수': 'double'에서 'FLOAT'(으)로 변환하면서 데이터가 손실될 수 있습니다.
\\Mac\Home\Documents\Projects\oop_arkanoid\oop16_proj3\virtualLego.cpp(386,41): warning C4305: '초기화 중': 'double'에서 'float'(으)로 잘립니다.
\\Mac\Home\Documents\Projects\oop_arkanoid\oop16_proj3\virtualLego.cpp(393,72): warning C4244: '인수': 'double'에서 'FLOAT'(으)로 변환하면서 데이터가 손실될 수 있습니다.
\\Mac\Home\Documents\Projects\oop_arkanoid\oop16_proj3\virtualLego.cpp(393,46): warning C4244: '인수': 'double'에서 'FLOAT'(으)로 변환하면서 데이터가 손실될 수 있습니다.
\\Mac\Home\Documents\Projects\oop_arkanoid\oop16_proj3\virtualLego.cpp(411,42): warning C4305: 'return': 'double'에서 'float'(으)로 잘립니다.
\\Mac\Home\Documents\Projects\oop_arkanoid\oop16_proj3\virtualLego.cpp(813,29): warning C4244: '=': 'int'에서 'float'(으)로 변환하면서 데이터가 손실될 수 있습니다.
\\Mac\Home\Documents\Projects\oop_arkanoid\oop16_proj3\virtualLego.cpp(814,29): warning C4244: '=': 'int'에서 'float'(으)로 변환하면서 데이터가 손실될 수 있습니다.
  d3dUtility.cpp
\\Mac\Home\Documents\Projects\oop_arkanoid\oop16_proj3\d3dUtility.h(31,1): warning C4005: 'INFINITY': 매크로 재정의
C:\Program Files (x86)\Windows Kits\10\Include\10.0.22621.0\ucrt\corecrt_math.h(88,1): message : 'INFINITY'의 이전 정의를 참조하십시오.
  코드를 생성하고 있습니다...
  VirtualLego.vcxproj -> \\Mac\Home\Documents\Projects\oop_arkanoid\oop16_proj3\Debug\VirtualLego.exe
